c:\users\teodor\source\repos\praktikum-homework\praktikum-homework\debug\praktikum-homework.pch
c:\users\teodor\source\repos\praktikum-homework\praktikum-homework\debug\vc141.pdb
c:\users\teodor\source\repos\praktikum-homework\praktikum-homework\debug\vc141.idb
c:\users\teodor\source\repos\praktikum-homework\praktikum-homework\debug\stdafx.obj
c:\users\teodor\source\repos\praktikum-homework\praktikum-homework\debug\bickieshop.obj
c:\users\teodor\source\repos\praktikum-homework\praktikum-homework\debug\guard.obj
c:\users\teodor\source\repos\praktikum-homework\praktikum-homework\debug\order.obj
c:\users\teodor\source\repos\praktikum-homework\praktikum-homework\debug\praktikum-homework.obj
c:\users\teodor\source\repos\praktikum-homework\praktikum-homework\debug\product.obj
c:\users\teodor\source\repos\praktikum-homework\praktikum-homework\debug\routecontroller.obj
c:\users\teodor\source\repos\praktikum-homework\praktikum-homework\debug\user.obj
c:\users\teodor\source\repos\praktikum-homework\praktikum-homework\debug\view.obj
c:\users\teodor\source\repos\praktikum-homework\praktikum-homework\debug\bickieshop.obj.enc
c:\users\teodor\source\repos\praktikum-homework\praktikum-homework\debug\praktikum-homework.obj.enc
c:\users\teodor\source\repos\praktikum-homework\praktikum-homework\debug\routecontroller.obj.enc
c:\users\teodor\source\repos\praktikum-homework\praktikum-homework\debug\view.obj.enc
c:\users\teodor\source\repos\praktikum-homework\debug\praktikum-homework.pdb
c:\users\teodor\source\repos\praktikum-homework\debug\praktikum-homework.exe
c:\users\teodor\source\repos\praktikum-homework\debug\praktikum-homework.ilk
c:\users\teodor\source\repos\praktikum-homework\praktikum-homework\debug\praktiku.e482d65a.tlog\cl.command.1.tlog
c:\users\teodor\source\repos\praktikum-homework\praktikum-homework\debug\praktiku.e482d65a.tlog\cl.read.1.tlog
c:\users\teodor\source\repos\praktikum-homework\praktikum-homework\debug\praktiku.e482d65a.tlog\cl.write.1.tlog
c:\users\teodor\source\repos\praktikum-homework\praktikum-homework\debug\praktiku.e482d65a.tlog\link.command.1.tlog
c:\users\teodor\source\repos\praktikum-homework\praktikum-homework\debug\praktiku.e482d65a.tlog\link.read.1.tlog
c:\users\teodor\source\repos\praktikum-homework\praktikum-homework\debug\praktiku.e482d65a.tlog\link.write.1.tlog
